<?xml version="1.0" encoding="UTF-8"?>
<!-- Generated by org.testng.reporters.JUnitXMLReporter -->
<testsuite ignored="0" hostname="WINDELL-UIPL5D2" failures="0" tests="3" name="Default test" time="0.189" errors="0" timestamp="2025-12-28T15:55:33 EST">
  <testcase classname="com.hrms.tdd.TDD" name="openingDoor" time="0.025"/>
  <testcase classname="com.hrms.tdd.TDD" name="closingDoor" time="0.008"/>
  <testcase classname="com.hrms.tdd.TDD" name="knockingDoor" time="0.005"/>
</testsuite> <!-- Default test -->
