<?xml version="1.0" encoding="UTF-8"?>
<testng-results ignored="0" total="3" passed="3" failed="0" skipped="0">
  <reporter-output>
  </reporter-output>
  <suite started-at="2025-12-28T15:55:33 EST" name="Default suite" finished-at="2025-12-28T15:55:33 EST" duration-ms="189">
    <groups>
    </groups>
    <test started-at="2025-12-28T15:55:33 EST" name="Default test" finished-at="2025-12-28T15:55:33 EST" duration-ms="189">
      <class name="com.hrms.tdd.TDD">
        <test-method signature="openingDoor()[pri:0, instance:com.hrms.tdd.TDD@38425407]" started-at="2025-12-28T15:55:33 EST" name="openingDoor" finished-at="2025-12-28T15:55:33 EST" duration-ms="25" status="PASS">
          <reporter-output>
          </reporter-output>
        </test-method> <!-- openingDoor -->
        <test-method signature="closingDoor()[pri:0, instance:com.hrms.tdd.TDD@38425407]" started-at="2025-12-28T15:55:33 EST" name="closingDoor" finished-at="2025-12-28T15:55:33 EST" duration-ms="8" status="PASS">
          <reporter-output>
          </reporter-output>
        </test-method> <!-- closingDoor -->
        <test-method signature="knockingDoor()[pri:0, instance:com.hrms.tdd.TDD@38425407]" started-at="2025-12-28T15:55:33 EST" name="knockingDoor" finished-at="2025-12-28T15:55:33 EST" depends-on-methods="com.hrms.tdd.TDD.openingDoor" duration-ms="5" status="PASS">
          <reporter-output>
          </reporter-output>
        </test-method> <!-- knockingDoor -->
      </class> <!-- com.hrms.tdd.TDD -->
    </test> <!-- Default test -->
  </suite> <!-- Default suite -->
</testng-results>
